ARM GAS  /tmp/cczQFrhN.s 			page 1


   1              		.cpu cortex-m0
   2              		.eabi_attribute 20, 1
   3              		.eabi_attribute 21, 1
   4              		.eabi_attribute 23, 3
   5              		.eabi_attribute 24, 1
   6              		.eabi_attribute 25, 1
   7              		.eabi_attribute 26, 1
   8              		.eabi_attribute 30, 2
   9              		.eabi_attribute 34, 0
  10              		.eabi_attribute 18, 4
  11              		.file	"freertos.c"
  12              		.text
  13              		.section	.text.StartDefaultTask,"ax",%progbits
  14              		.align	1
  15              		.p2align 2,,3
  16              		.global	StartDefaultTask
  17              		.arch armv6s-m
  18              		.syntax unified
  19              		.code	16
  20              		.thumb_func
  21              		.fpu softvfp
  23              	StartDefaultTask:
  24              		@ Volatile: function does not return.
  25              		@ args = 0, pretend = 0, frame = 0
  26              		@ frame_needed = 0, uses_anonymous_args = 0
  27 0000 10B5     		push	{r4, lr}
  28              	.L2:
  29 0002 0120     		movs	r0, #1
  30 0004 FFF7FEFF 		bl	osDelay
  31 0008 FBE7     		b	.L2
  33 000a C046     		.section	.text.MX_FREERTOS_Init,"ax",%progbits
  34              		.align	1
  35              		.p2align 2,,3
  36              		.global	MX_FREERTOS_Init
  37              		.syntax unified
  38              		.code	16
  39              		.thumb_func
  40              		.fpu softvfp
  42              	MX_FREERTOS_Init:
  43              		@ args = 0, pretend = 0, frame = 0
  44              		@ frame_needed = 0, uses_anonymous_args = 0
  45 0000 10B5     		push	{r4, lr}
  46 0002 0021     		movs	r1, #0
  47 0004 034A     		ldr	r2, .L5
  48 0006 0448     		ldr	r0, .L5+4
  49 0008 FFF7FEFF 		bl	osThreadNew
  50 000c 034B     		ldr	r3, .L5+8
  51              		@ sp needed
  52 000e 1860     		str	r0, [r3]
  53 0010 10BD     		pop	{r4, pc}
  54              	.L6:
  55 0012 C046     		.align	2
  56              	.L5:
  57 0014 00000000 		.word	.LANCHOR0
  58 0018 00000000 		.word	StartDefaultTask
  59 001c 00000000 		.word	defaultTaskHandle
  61              		.global	defaultTask_attributes
ARM GAS  /tmp/cczQFrhN.s 			page 2


  62              		.section	.rodata.str1.4,"aMS",%progbits,1
  63              		.align	2
  64              	.LC3:
  65 0000 64656661 		.ascii	"defaultTask\000"
  65      756C7454 
  65      61736B00 
  66              		.comm	defaultTaskHandle,4,4
  67              		.section	.rodata.defaultTask_attributes,"a"
  68              		.align	2
  69              		.set	.LANCHOR0,. + 0
  72              	defaultTask_attributes:
  73 0000 00000000 		.word	.LC3
  74 0004 00000000 		.space	16
  74      00000000 
  74      00000000 
  74      00000000 
  75 0014 80010000 		.word	384
  76 0018 18000000 		.word	24
  77 001c 00000000 		.space	8
  77      00000000 
  78              		.ident	"GCC: (15:9-2019-q4-0ubuntu1) 9.2.1 20191025 (release) [ARM/arm-9-branch revision 277599]"
ARM GAS  /tmp/cczQFrhN.s 			page 3


DEFINED SYMBOLS
                            *ABS*:0000000000000000 freertos.c
     /tmp/cczQFrhN.s:14     .text.StartDefaultTask:0000000000000000 $t
     /tmp/cczQFrhN.s:23     .text.StartDefaultTask:0000000000000000 StartDefaultTask
     /tmp/cczQFrhN.s:34     .text.MX_FREERTOS_Init:0000000000000000 $t
     /tmp/cczQFrhN.s:42     .text.MX_FREERTOS_Init:0000000000000000 MX_FREERTOS_Init
     /tmp/cczQFrhN.s:57     .text.MX_FREERTOS_Init:0000000000000014 $d
                            *COM*:0000000000000004 defaultTaskHandle
     /tmp/cczQFrhN.s:72     .rodata.defaultTask_attributes:0000000000000000 defaultTask_attributes
     /tmp/cczQFrhN.s:63     .rodata.str1.4:0000000000000000 $d
     /tmp/cczQFrhN.s:68     .rodata.defaultTask_attributes:0000000000000000 $d

UNDEFINED SYMBOLS
osDelay
osThreadNew
