ARM GAS  /tmp/ccMKfubm.s 			page 1


   1              		.cpu cortex-m0
   2              		.eabi_attribute 20, 1
   3              		.eabi_attribute 21, 1
   4              		.eabi_attribute 23, 3
   5              		.eabi_attribute 24, 1
   6              		.eabi_attribute 25, 1
   7              		.eabi_attribute 26, 1
   8              		.eabi_attribute 30, 1
   9              		.eabi_attribute 34, 0
  10              		.eabi_attribute 18, 4
  11              		.file	"stm32f0xx_it.c"
  12              		.text
  13              	.Ltext0:
  14              		.cfi_sections	.debug_frame
  15              		.section	.text.NMI_Handler,"ax",%progbits
  16              		.align	1
  17              		.global	NMI_Handler
  18              		.arch armv6s-m
  19              		.syntax unified
  20              		.code	16
  21              		.thumb_func
  22              		.fpu softvfp
  24              	NMI_Handler:
  25              	.LFB40:
  26              		.file 1 "Core/Src/stm32f0xx_it.c"
   1:Core/Src/stm32f0xx_it.c **** /* USER CODE BEGIN Header */
   2:Core/Src/stm32f0xx_it.c **** /**
   3:Core/Src/stm32f0xx_it.c ****   ******************************************************************************
   4:Core/Src/stm32f0xx_it.c ****   * @file    stm32f0xx_it.c
   5:Core/Src/stm32f0xx_it.c ****   * @brief   Interrupt Service Routines.
   6:Core/Src/stm32f0xx_it.c ****   ******************************************************************************
   7:Core/Src/stm32f0xx_it.c ****   * @attention
   8:Core/Src/stm32f0xx_it.c ****   *
   9:Core/Src/stm32f0xx_it.c ****   * <h2><center>&copy; Copyright (c) 2022 STMicroelectronics.
  10:Core/Src/stm32f0xx_it.c ****   * All rights reserved.</center></h2>
  11:Core/Src/stm32f0xx_it.c ****   *
  12:Core/Src/stm32f0xx_it.c ****   * This software component is licensed by ST under Ultimate Liberty license
  13:Core/Src/stm32f0xx_it.c ****   * SLA0044, the "License"; You may not use this file except in compliance with
  14:Core/Src/stm32f0xx_it.c ****   * the License. You may obtain a copy of the License at:
  15:Core/Src/stm32f0xx_it.c ****   *                             www.st.com/SLA0044
  16:Core/Src/stm32f0xx_it.c ****   *
  17:Core/Src/stm32f0xx_it.c ****   ******************************************************************************
  18:Core/Src/stm32f0xx_it.c ****   */
  19:Core/Src/stm32f0xx_it.c **** /* USER CODE END Header */
  20:Core/Src/stm32f0xx_it.c **** 
  21:Core/Src/stm32f0xx_it.c **** /* Includes ------------------------------------------------------------------*/
  22:Core/Src/stm32f0xx_it.c **** #include "main.h"
  23:Core/Src/stm32f0xx_it.c **** #include "stm32f0xx_it.h"
  24:Core/Src/stm32f0xx_it.c **** /* Private includes ----------------------------------------------------------*/
  25:Core/Src/stm32f0xx_it.c **** /* USER CODE BEGIN Includes */
  26:Core/Src/stm32f0xx_it.c **** /* USER CODE END Includes */
  27:Core/Src/stm32f0xx_it.c **** 
  28:Core/Src/stm32f0xx_it.c **** /* Private typedef -----------------------------------------------------------*/
  29:Core/Src/stm32f0xx_it.c **** /* USER CODE BEGIN TD */
  30:Core/Src/stm32f0xx_it.c **** 
  31:Core/Src/stm32f0xx_it.c **** /* USER CODE END TD */
  32:Core/Src/stm32f0xx_it.c **** 
ARM GAS  /tmp/ccMKfubm.s 			page 2


  33:Core/Src/stm32f0xx_it.c **** /* Private define ------------------------------------------------------------*/
  34:Core/Src/stm32f0xx_it.c **** /* USER CODE BEGIN PD */
  35:Core/Src/stm32f0xx_it.c **** 
  36:Core/Src/stm32f0xx_it.c **** /* USER CODE END PD */
  37:Core/Src/stm32f0xx_it.c **** 
  38:Core/Src/stm32f0xx_it.c **** /* Private macro -------------------------------------------------------------*/
  39:Core/Src/stm32f0xx_it.c **** /* USER CODE BEGIN PM */
  40:Core/Src/stm32f0xx_it.c **** 
  41:Core/Src/stm32f0xx_it.c **** /* USER CODE END PM */
  42:Core/Src/stm32f0xx_it.c **** 
  43:Core/Src/stm32f0xx_it.c **** /* Private variables ---------------------------------------------------------*/
  44:Core/Src/stm32f0xx_it.c **** /* USER CODE BEGIN PV */
  45:Core/Src/stm32f0xx_it.c **** 
  46:Core/Src/stm32f0xx_it.c **** /* USER CODE END PV */
  47:Core/Src/stm32f0xx_it.c **** 
  48:Core/Src/stm32f0xx_it.c **** /* Private function prototypes -----------------------------------------------*/
  49:Core/Src/stm32f0xx_it.c **** /* USER CODE BEGIN PFP */
  50:Core/Src/stm32f0xx_it.c **** 
  51:Core/Src/stm32f0xx_it.c **** /* USER CODE END PFP */
  52:Core/Src/stm32f0xx_it.c **** 
  53:Core/Src/stm32f0xx_it.c **** /* Private user code ---------------------------------------------------------*/
  54:Core/Src/stm32f0xx_it.c **** /* USER CODE BEGIN 0 */
  55:Core/Src/stm32f0xx_it.c **** 
  56:Core/Src/stm32f0xx_it.c **** /* USER CODE END 0 */
  57:Core/Src/stm32f0xx_it.c **** 
  58:Core/Src/stm32f0xx_it.c **** /* External variables --------------------------------------------------------*/
  59:Core/Src/stm32f0xx_it.c **** extern TIM_HandleTypeDef htim1;
  60:Core/Src/stm32f0xx_it.c **** 
  61:Core/Src/stm32f0xx_it.c **** /* USER CODE BEGIN EV */
  62:Core/Src/stm32f0xx_it.c **** 
  63:Core/Src/stm32f0xx_it.c **** /* USER CODE END EV */
  64:Core/Src/stm32f0xx_it.c **** 
  65:Core/Src/stm32f0xx_it.c **** /******************************************************************************/
  66:Core/Src/stm32f0xx_it.c **** /*           Cortex-M0 Processor Interruption and Exception Handlers          */
  67:Core/Src/stm32f0xx_it.c **** /******************************************************************************/
  68:Core/Src/stm32f0xx_it.c **** /**
  69:Core/Src/stm32f0xx_it.c ****   * @brief This function handles Non maskable interrupt.
  70:Core/Src/stm32f0xx_it.c ****   */
  71:Core/Src/stm32f0xx_it.c **** void NMI_Handler(void)
  72:Core/Src/stm32f0xx_it.c **** {
  27              		.loc 1 72 1 view -0
  28              		.cfi_startproc
  29              		@ Volatile: function does not return.
  30              		@ args = 0, pretend = 0, frame = 0
  31              		@ frame_needed = 0, uses_anonymous_args = 0
  32              		@ link register save eliminated.
  33              	.L2:
  73:Core/Src/stm32f0xx_it.c ****   /* USER CODE BEGIN NonMaskableInt_IRQn 0 */
  74:Core/Src/stm32f0xx_it.c **** 
  75:Core/Src/stm32f0xx_it.c ****   /* USER CODE END NonMaskableInt_IRQn 0 */
  76:Core/Src/stm32f0xx_it.c ****   /* USER CODE BEGIN NonMaskableInt_IRQn 1 */
  77:Core/Src/stm32f0xx_it.c ****   while (1)
  34              		.loc 1 77 3 discriminator 1 view .LVU1
  78:Core/Src/stm32f0xx_it.c ****   {
  79:Core/Src/stm32f0xx_it.c ****   }
  35              		.loc 1 79 3 discriminator 1 view .LVU2
  77:Core/Src/stm32f0xx_it.c ****   {
ARM GAS  /tmp/ccMKfubm.s 			page 3


  36              		.loc 1 77 9 discriminator 1 view .LVU3
  37 0000 FEE7     		b	.L2
  38              		.cfi_endproc
  39              	.LFE40:
  41              		.section	.text.HardFault_Handler,"ax",%progbits
  42              		.align	1
  43              		.global	HardFault_Handler
  44              		.syntax unified
  45              		.code	16
  46              		.thumb_func
  47              		.fpu softvfp
  49              	HardFault_Handler:
  50              	.LFB41:
  80:Core/Src/stm32f0xx_it.c ****   /* USER CODE END NonMaskableInt_IRQn 1 */
  81:Core/Src/stm32f0xx_it.c **** }
  82:Core/Src/stm32f0xx_it.c **** 
  83:Core/Src/stm32f0xx_it.c **** /**
  84:Core/Src/stm32f0xx_it.c ****   * @brief This function handles Hard fault interrupt.
  85:Core/Src/stm32f0xx_it.c ****   */
  86:Core/Src/stm32f0xx_it.c **** void HardFault_Handler(void)
  87:Core/Src/stm32f0xx_it.c **** {
  51              		.loc 1 87 1 view -0
  52              		.cfi_startproc
  53              		@ Volatile: function does not return.
  54              		@ args = 0, pretend = 0, frame = 0
  55              		@ frame_needed = 0, uses_anonymous_args = 0
  56              		@ link register save eliminated.
  57              	.L4:
  88:Core/Src/stm32f0xx_it.c ****   /* USER CODE BEGIN HardFault_IRQn 0 */
  89:Core/Src/stm32f0xx_it.c **** 
  90:Core/Src/stm32f0xx_it.c ****   /* USER CODE END HardFault_IRQn 0 */
  91:Core/Src/stm32f0xx_it.c ****   while (1)
  58              		.loc 1 91 3 discriminator 1 view .LVU5
  92:Core/Src/stm32f0xx_it.c ****   {
  93:Core/Src/stm32f0xx_it.c ****     /* USER CODE BEGIN W1_HardFault_IRQn 0 */
  94:Core/Src/stm32f0xx_it.c ****     /* USER CODE END W1_HardFault_IRQn 0 */
  95:Core/Src/stm32f0xx_it.c ****   }
  59              		.loc 1 95 3 discriminator 1 view .LVU6
  91:Core/Src/stm32f0xx_it.c ****   {
  60              		.loc 1 91 9 discriminator 1 view .LVU7
  61 0000 FEE7     		b	.L4
  62              		.cfi_endproc
  63              	.LFE41:
  65              		.section	.text.SVC_Handler,"ax",%progbits
  66              		.align	1
  67              		.global	SVC_Handler
  68              		.syntax unified
  69              		.code	16
  70              		.thumb_func
  71              		.fpu softvfp
  73              	SVC_Handler:
  74              	.LFB42:
  96:Core/Src/stm32f0xx_it.c **** }
  97:Core/Src/stm32f0xx_it.c **** 
  98:Core/Src/stm32f0xx_it.c **** /**
  99:Core/Src/stm32f0xx_it.c ****   * @brief This function handles System service call via SWI instruction.
 100:Core/Src/stm32f0xx_it.c ****   */
ARM GAS  /tmp/ccMKfubm.s 			page 4


 101:Core/Src/stm32f0xx_it.c **** void SVC_Handler(void)
 102:Core/Src/stm32f0xx_it.c **** {
  75              		.loc 1 102 1 view -0
  76              		.cfi_startproc
  77              		@ args = 0, pretend = 0, frame = 0
  78              		@ frame_needed = 0, uses_anonymous_args = 0
  79              		@ link register save eliminated.
 103:Core/Src/stm32f0xx_it.c ****   /* USER CODE BEGIN SVC_IRQn 0 */
 104:Core/Src/stm32f0xx_it.c **** 
 105:Core/Src/stm32f0xx_it.c ****   /* USER CODE END SVC_IRQn 0 */
 106:Core/Src/stm32f0xx_it.c ****   /* USER CODE BEGIN SVC_IRQn 1 */
 107:Core/Src/stm32f0xx_it.c **** 
 108:Core/Src/stm32f0xx_it.c ****   /* USER CODE END SVC_IRQn 1 */
 109:Core/Src/stm32f0xx_it.c **** }
  80              		.loc 1 109 1 view .LVU9
  81              		@ sp needed
  82 0000 7047     		bx	lr
  83              		.cfi_endproc
  84              	.LFE42:
  86              		.section	.text.PendSV_Handler,"ax",%progbits
  87              		.align	1
  88              		.global	PendSV_Handler
  89              		.syntax unified
  90              		.code	16
  91              		.thumb_func
  92              		.fpu softvfp
  94              	PendSV_Handler:
  95              	.LFB43:
 110:Core/Src/stm32f0xx_it.c **** 
 111:Core/Src/stm32f0xx_it.c **** /**
 112:Core/Src/stm32f0xx_it.c ****   * @brief This function handles Pendable request for system service.
 113:Core/Src/stm32f0xx_it.c ****   */
 114:Core/Src/stm32f0xx_it.c **** void PendSV_Handler(void)
 115:Core/Src/stm32f0xx_it.c **** {
  96              		.loc 1 115 1 view -0
  97              		.cfi_startproc
  98              		@ args = 0, pretend = 0, frame = 0
  99              		@ frame_needed = 0, uses_anonymous_args = 0
 100              		@ link register save eliminated.
 116:Core/Src/stm32f0xx_it.c ****   /* USER CODE BEGIN PendSV_IRQn 0 */
 117:Core/Src/stm32f0xx_it.c **** 
 118:Core/Src/stm32f0xx_it.c ****   /* USER CODE END PendSV_IRQn 0 */
 119:Core/Src/stm32f0xx_it.c ****   /* USER CODE BEGIN PendSV_IRQn 1 */
 120:Core/Src/stm32f0xx_it.c **** 
 121:Core/Src/stm32f0xx_it.c ****   /* USER CODE END PendSV_IRQn 1 */
 122:Core/Src/stm32f0xx_it.c **** }
 101              		.loc 1 122 1 view .LVU11
 102              		@ sp needed
 103 0000 7047     		bx	lr
 104              		.cfi_endproc
 105              	.LFE43:
 107              		.section	.text.SysTick_Handler,"ax",%progbits
 108              		.align	1
 109              		.global	SysTick_Handler
 110              		.syntax unified
 111              		.code	16
 112              		.thumb_func
ARM GAS  /tmp/ccMKfubm.s 			page 5


 113              		.fpu softvfp
 115              	SysTick_Handler:
 116              	.LFB44:
 123:Core/Src/stm32f0xx_it.c **** 
 124:Core/Src/stm32f0xx_it.c **** /**
 125:Core/Src/stm32f0xx_it.c ****   * @brief This function handles System tick timer.
 126:Core/Src/stm32f0xx_it.c ****   */
 127:Core/Src/stm32f0xx_it.c **** void SysTick_Handler(void)
 128:Core/Src/stm32f0xx_it.c **** {
 117              		.loc 1 128 1 view -0
 118              		.cfi_startproc
 119              		@ args = 0, pretend = 0, frame = 0
 120              		@ frame_needed = 0, uses_anonymous_args = 0
 121              		@ link register save eliminated.
 129:Core/Src/stm32f0xx_it.c ****   /* USER CODE BEGIN SysTick_IRQn 0 */
 130:Core/Src/stm32f0xx_it.c **** 
 131:Core/Src/stm32f0xx_it.c ****   /* USER CODE END SysTick_IRQn 0 */
 132:Core/Src/stm32f0xx_it.c **** 
 133:Core/Src/stm32f0xx_it.c ****   /* USER CODE BEGIN SysTick_IRQn 1 */
 134:Core/Src/stm32f0xx_it.c **** 
 135:Core/Src/stm32f0xx_it.c ****   /* USER CODE END SysTick_IRQn 1 */
 136:Core/Src/stm32f0xx_it.c **** }
 122              		.loc 1 136 1 view .LVU13
 123              		@ sp needed
 124 0000 7047     		bx	lr
 125              		.cfi_endproc
 126              	.LFE44:
 128              		.section	.text.TIM1_BRK_UP_TRG_COM_IRQHandler,"ax",%progbits
 129              		.align	1
 130              		.global	TIM1_BRK_UP_TRG_COM_IRQHandler
 131              		.syntax unified
 132              		.code	16
 133              		.thumb_func
 134              		.fpu softvfp
 136              	TIM1_BRK_UP_TRG_COM_IRQHandler:
 137              	.LFB45:
 137:Core/Src/stm32f0xx_it.c **** 
 138:Core/Src/stm32f0xx_it.c **** /******************************************************************************/
 139:Core/Src/stm32f0xx_it.c **** /* STM32F0xx Peripheral Interrupt Handlers                                    */
 140:Core/Src/stm32f0xx_it.c **** /* Add here the Interrupt Handlers for the used peripherals.                  */
 141:Core/Src/stm32f0xx_it.c **** /* For the available peripheral interrupt handler names,                      */
 142:Core/Src/stm32f0xx_it.c **** /* please refer to the startup file (startup_stm32f0xx.s).                    */
 143:Core/Src/stm32f0xx_it.c **** /******************************************************************************/
 144:Core/Src/stm32f0xx_it.c **** 
 145:Core/Src/stm32f0xx_it.c **** /**
 146:Core/Src/stm32f0xx_it.c ****   * @brief This function handles TIM1 break, update, trigger and commutation interrupts.
 147:Core/Src/stm32f0xx_it.c ****   */
 148:Core/Src/stm32f0xx_it.c **** void TIM1_BRK_UP_TRG_COM_IRQHandler(void)
 149:Core/Src/stm32f0xx_it.c **** {
 138              		.loc 1 149 1 view -0
 139              		.cfi_startproc
 140              		@ args = 0, pretend = 0, frame = 0
 141              		@ frame_needed = 0, uses_anonymous_args = 0
 142 0000 10B5     		push	{r4, lr}
 143              	.LCFI0:
 144              		.cfi_def_cfa_offset 8
 145              		.cfi_offset 4, -8
ARM GAS  /tmp/ccMKfubm.s 			page 6


 146              		.cfi_offset 14, -4
 150:Core/Src/stm32f0xx_it.c ****   /* USER CODE BEGIN TIM1_BRK_UP_TRG_COM_IRQn 0 */
 151:Core/Src/stm32f0xx_it.c **** 
 152:Core/Src/stm32f0xx_it.c ****   /* USER CODE END TIM1_BRK_UP_TRG_COM_IRQn 0 */
 153:Core/Src/stm32f0xx_it.c ****   HAL_TIM_IRQHandler(&htim1);
 147              		.loc 1 153 3 view .LVU15
 148 0002 0248     		ldr	r0, .L9
 149 0004 FFF7FEFF 		bl	HAL_TIM_IRQHandler
 150              	.LVL0:
 154:Core/Src/stm32f0xx_it.c ****   /* USER CODE BEGIN TIM1_BRK_UP_TRG_COM_IRQn 1 */
 155:Core/Src/stm32f0xx_it.c **** 
 156:Core/Src/stm32f0xx_it.c ****   /* USER CODE END TIM1_BRK_UP_TRG_COM_IRQn 1 */
 157:Core/Src/stm32f0xx_it.c **** }
 151              		.loc 1 157 1 is_stmt 0 view .LVU16
 152              		@ sp needed
 153 0008 10BD     		pop	{r4, pc}
 154              	.L10:
 155 000a C046     		.align	2
 156              	.L9:
 157 000c 00000000 		.word	htim1
 158              		.cfi_endproc
 159              	.LFE45:
 161              		.text
 162              	.Letext0:
 163              		.file 2 "/usr/lib/gcc/arm-none-eabi/9.2.1/include/stdint.h"
 164              		.file 3 "Drivers/CMSIS/Device/ST/STM32F0xx/Include/system_stm32f0xx.h"
 165              		.file 4 "Drivers/CMSIS/Device/ST/STM32F0xx/Include/stm32f030x6.h"
 166              		.file 5 "Drivers/STM32F0xx_HAL_Driver/Inc/stm32f0xx_hal_def.h"
 167              		.file 6 "Drivers/STM32F0xx_HAL_Driver/Inc/stm32f0xx_hal_dma.h"
 168              		.file 7 "Drivers/STM32F0xx_HAL_Driver/Inc/stm32f0xx_hal_tim.h"
 169              		.file 8 "Drivers/STM32F0xx_HAL_Driver/Inc/stm32f0xx_hal.h"
ARM GAS  /tmp/ccMKfubm.s 			page 7


DEFINED SYMBOLS
                            *ABS*:0000000000000000 stm32f0xx_it.c
     /tmp/ccMKfubm.s:16     .text.NMI_Handler:0000000000000000 $t
     /tmp/ccMKfubm.s:24     .text.NMI_Handler:0000000000000000 NMI_Handler
     /tmp/ccMKfubm.s:42     .text.HardFault_Handler:0000000000000000 $t
     /tmp/ccMKfubm.s:49     .text.HardFault_Handler:0000000000000000 HardFault_Handler
     /tmp/ccMKfubm.s:66     .text.SVC_Handler:0000000000000000 $t
     /tmp/ccMKfubm.s:73     .text.SVC_Handler:0000000000000000 SVC_Handler
     /tmp/ccMKfubm.s:87     .text.PendSV_Handler:0000000000000000 $t
     /tmp/ccMKfubm.s:94     .text.PendSV_Handler:0000000000000000 PendSV_Handler
     /tmp/ccMKfubm.s:108    .text.SysTick_Handler:0000000000000000 $t
     /tmp/ccMKfubm.s:115    .text.SysTick_Handler:0000000000000000 SysTick_Handler
     /tmp/ccMKfubm.s:129    .text.TIM1_BRK_UP_TRG_COM_IRQHandler:0000000000000000 $t
     /tmp/ccMKfubm.s:136    .text.TIM1_BRK_UP_TRG_COM_IRQHandler:0000000000000000 TIM1_BRK_UP_TRG_COM_IRQHandler
     /tmp/ccMKfubm.s:157    .text.TIM1_BRK_UP_TRG_COM_IRQHandler:000000000000000c $d

UNDEFINED SYMBOLS
HAL_TIM_IRQHandler
htim1
