ARM GAS  /tmp/ccXv4BH6.s 			page 1


   1              		.cpu cortex-m0
   2              		.eabi_attribute 20, 1
   3              		.eabi_attribute 21, 1
   4              		.eabi_attribute 23, 3
   5              		.eabi_attribute 24, 1
   6              		.eabi_attribute 25, 1
   7              		.eabi_attribute 26, 1
   8              		.eabi_attribute 30, 1
   9              		.eabi_attribute 34, 0
  10              		.eabi_attribute 18, 4
  11              		.file	"usart.c"
  12              		.text
  13              	.Ltext0:
  14              		.cfi_sections	.debug_frame
  15              		.section	.text.MX_USART1_UART_Init,"ax",%progbits
  16              		.align	1
  17              		.global	MX_USART1_UART_Init
  18              		.arch armv6s-m
  19              		.syntax unified
  20              		.code	16
  21              		.thumb_func
  22              		.fpu softvfp
  24              	MX_USART1_UART_Init:
  25              	.LFB40:
  26              		.file 1 "Core/Src/usart.c"
   1:Core/Src/usart.c **** /**
   2:Core/Src/usart.c ****   ******************************************************************************
   3:Core/Src/usart.c ****   * @file    usart.c
   4:Core/Src/usart.c ****   * @brief   This file provides code for the configuration
   5:Core/Src/usart.c ****   *          of the USART instances.
   6:Core/Src/usart.c ****   ******************************************************************************
   7:Core/Src/usart.c ****   * @attention
   8:Core/Src/usart.c ****   *
   9:Core/Src/usart.c ****   * <h2><center>&copy; Copyright (c) 2022 STMicroelectronics.
  10:Core/Src/usart.c ****   * All rights reserved.</center></h2>
  11:Core/Src/usart.c ****   *
  12:Core/Src/usart.c ****   * This software component is licensed by ST under BSD 3-Clause license,
  13:Core/Src/usart.c ****   * the "License"; You may not use this file except in compliance with the
  14:Core/Src/usart.c ****   * License. You may obtain a copy of the License at:
  15:Core/Src/usart.c ****   *                        opensource.org/licenses/BSD-3-Clause
  16:Core/Src/usart.c ****   *
  17:Core/Src/usart.c ****   ******************************************************************************
  18:Core/Src/usart.c ****   */
  19:Core/Src/usart.c **** 
  20:Core/Src/usart.c **** /* Includes ------------------------------------------------------------------*/
  21:Core/Src/usart.c **** #include "usart.h"
  22:Core/Src/usart.c **** 
  23:Core/Src/usart.c **** /* USER CODE BEGIN 0 */
  24:Core/Src/usart.c **** 
  25:Core/Src/usart.c **** /* USER CODE END 0 */
  26:Core/Src/usart.c **** 
  27:Core/Src/usart.c **** UART_HandleTypeDef huart1;
  28:Core/Src/usart.c **** 
  29:Core/Src/usart.c **** /* USART1 init function */
  30:Core/Src/usart.c **** 
  31:Core/Src/usart.c **** void MX_USART1_UART_Init(void)
  32:Core/Src/usart.c **** {
ARM GAS  /tmp/ccXv4BH6.s 			page 2


  27              		.loc 1 32 1 view -0
  28              		.cfi_startproc
  29              		@ args = 0, pretend = 0, frame = 0
  30              		@ frame_needed = 0, uses_anonymous_args = 0
  31 0000 10B5     		push	{r4, lr}
  32              	.LCFI0:
  33              		.cfi_def_cfa_offset 8
  34              		.cfi_offset 4, -8
  35              		.cfi_offset 14, -4
  33:Core/Src/usart.c **** 
  34:Core/Src/usart.c ****   /* USER CODE BEGIN USART1_Init 0 */
  35:Core/Src/usart.c **** 
  36:Core/Src/usart.c ****   /* USER CODE END USART1_Init 0 */
  37:Core/Src/usart.c **** 
  38:Core/Src/usart.c ****   /* USER CODE BEGIN USART1_Init 1 */
  39:Core/Src/usart.c **** 
  40:Core/Src/usart.c ****   /* USER CODE END USART1_Init 1 */
  41:Core/Src/usart.c ****   huart1.Instance = USART1;
  36              		.loc 1 41 3 view .LVU1
  37              		.loc 1 41 19 is_stmt 0 view .LVU2
  38 0002 0C48     		ldr	r0, .L4
  39 0004 0C4B     		ldr	r3, .L4+4
  40 0006 0360     		str	r3, [r0]
  42:Core/Src/usart.c ****   huart1.Init.BaudRate = 38400;
  41              		.loc 1 42 3 is_stmt 1 view .LVU3
  42              		.loc 1 42 24 is_stmt 0 view .LVU4
  43 0008 9623     		movs	r3, #150
  44 000a 1B02     		lsls	r3, r3, #8
  45 000c 4360     		str	r3, [r0, #4]
  43:Core/Src/usart.c ****   huart1.Init.WordLength = UART_WORDLENGTH_8B;
  46              		.loc 1 43 3 is_stmt 1 view .LVU5
  47              		.loc 1 43 26 is_stmt 0 view .LVU6
  48 000e 0023     		movs	r3, #0
  49 0010 8360     		str	r3, [r0, #8]
  44:Core/Src/usart.c ****   huart1.Init.StopBits = UART_STOPBITS_1;
  50              		.loc 1 44 3 is_stmt 1 view .LVU7
  51              		.loc 1 44 24 is_stmt 0 view .LVU8
  52 0012 C360     		str	r3, [r0, #12]
  45:Core/Src/usart.c ****   huart1.Init.Parity = UART_PARITY_NONE;
  53              		.loc 1 45 3 is_stmt 1 view .LVU9
  54              		.loc 1 45 22 is_stmt 0 view .LVU10
  55 0014 0361     		str	r3, [r0, #16]
  46:Core/Src/usart.c ****   huart1.Init.Mode = UART_MODE_TX_RX;
  56              		.loc 1 46 3 is_stmt 1 view .LVU11
  57              		.loc 1 46 20 is_stmt 0 view .LVU12
  58 0016 0C22     		movs	r2, #12
  59 0018 4261     		str	r2, [r0, #20]
  47:Core/Src/usart.c ****   huart1.Init.HwFlowCtl = UART_HWCONTROL_NONE;
  60              		.loc 1 47 3 is_stmt 1 view .LVU13
  61              		.loc 1 47 25 is_stmt 0 view .LVU14
  62 001a 8361     		str	r3, [r0, #24]
  48:Core/Src/usart.c ****   huart1.Init.OverSampling = UART_OVERSAMPLING_16;
  63              		.loc 1 48 3 is_stmt 1 view .LVU15
  64              		.loc 1 48 28 is_stmt 0 view .LVU16
  65 001c C361     		str	r3, [r0, #28]
  49:Core/Src/usart.c ****   huart1.Init.OneBitSampling = UART_ONE_BIT_SAMPLE_DISABLE;
  66              		.loc 1 49 3 is_stmt 1 view .LVU17
ARM GAS  /tmp/ccXv4BH6.s 			page 3


  67              		.loc 1 49 30 is_stmt 0 view .LVU18
  68 001e 0362     		str	r3, [r0, #32]
  50:Core/Src/usart.c ****   huart1.AdvancedInit.AdvFeatureInit = UART_ADVFEATURE_NO_INIT;
  69              		.loc 1 50 3 is_stmt 1 view .LVU19
  70              		.loc 1 50 38 is_stmt 0 view .LVU20
  71 0020 4362     		str	r3, [r0, #36]
  51:Core/Src/usart.c ****   if (HAL_UART_Init(&huart1) != HAL_OK)
  72              		.loc 1 51 3 is_stmt 1 view .LVU21
  73              		.loc 1 51 7 is_stmt 0 view .LVU22
  74 0022 FFF7FEFF 		bl	HAL_UART_Init
  75              	.LVL0:
  76              		.loc 1 51 6 view .LVU23
  77 0026 0028     		cmp	r0, #0
  78 0028 00D1     		bne	.L3
  79              	.L1:
  52:Core/Src/usart.c ****   {
  53:Core/Src/usart.c ****     Error_Handler();
  54:Core/Src/usart.c ****   }
  55:Core/Src/usart.c ****   /* USER CODE BEGIN USART1_Init 2 */
  56:Core/Src/usart.c **** 
  57:Core/Src/usart.c ****   /* USER CODE END USART1_Init 2 */
  58:Core/Src/usart.c **** 
  59:Core/Src/usart.c **** }
  80              		.loc 1 59 1 view .LVU24
  81              		@ sp needed
  82 002a 10BD     		pop	{r4, pc}
  83              	.L3:
  53:Core/Src/usart.c ****   }
  84              		.loc 1 53 5 is_stmt 1 view .LVU25
  85 002c FFF7FEFF 		bl	Error_Handler
  86              	.LVL1:
  87              		.loc 1 59 1 is_stmt 0 view .LVU26
  88 0030 FBE7     		b	.L1
  89              	.L5:
  90 0032 C046     		.align	2
  91              	.L4:
  92 0034 00000000 		.word	huart1
  93 0038 00380140 		.word	1073821696
  94              		.cfi_endproc
  95              	.LFE40:
  97              		.section	.text.HAL_UART_MspInit,"ax",%progbits
  98              		.align	1
  99              		.global	HAL_UART_MspInit
 100              		.syntax unified
 101              		.code	16
 102              		.thumb_func
 103              		.fpu softvfp
 105              	HAL_UART_MspInit:
 106              	.LVL2:
 107              	.LFB41:
  60:Core/Src/usart.c **** 
  61:Core/Src/usart.c **** void HAL_UART_MspInit(UART_HandleTypeDef* uartHandle)
  62:Core/Src/usart.c **** {
 108              		.loc 1 62 1 is_stmt 1 view -0
 109              		.cfi_startproc
 110              		@ args = 0, pretend = 0, frame = 32
 111              		@ frame_needed = 0, uses_anonymous_args = 0
ARM GAS  /tmp/ccXv4BH6.s 			page 4


 112              		.loc 1 62 1 is_stmt 0 view .LVU28
 113 0000 10B5     		push	{r4, lr}
 114              	.LCFI1:
 115              		.cfi_def_cfa_offset 8
 116              		.cfi_offset 4, -8
 117              		.cfi_offset 14, -4
 118 0002 88B0     		sub	sp, sp, #32
 119              	.LCFI2:
 120              		.cfi_def_cfa_offset 40
 121 0004 0400     		movs	r4, r0
  63:Core/Src/usart.c **** 
  64:Core/Src/usart.c ****   GPIO_InitTypeDef GPIO_InitStruct = {0};
 122              		.loc 1 64 3 is_stmt 1 view .LVU29
 123              		.loc 1 64 20 is_stmt 0 view .LVU30
 124 0006 1422     		movs	r2, #20
 125 0008 0021     		movs	r1, #0
 126 000a 03A8     		add	r0, sp, #12
 127              	.LVL3:
 128              		.loc 1 64 20 view .LVU31
 129 000c FFF7FEFF 		bl	memset
 130              	.LVL4:
  65:Core/Src/usart.c ****   if(uartHandle->Instance==USART1)
 131              		.loc 1 65 3 is_stmt 1 view .LVU32
 132              		.loc 1 65 16 is_stmt 0 view .LVU33
 133 0010 2268     		ldr	r2, [r4]
 134              		.loc 1 65 5 view .LVU34
 135 0012 144B     		ldr	r3, .L9
 136 0014 9A42     		cmp	r2, r3
 137 0016 01D0     		beq	.L8
 138              	.L6:
  66:Core/Src/usart.c ****   {
  67:Core/Src/usart.c ****   /* USER CODE BEGIN USART1_MspInit 0 */
  68:Core/Src/usart.c **** 
  69:Core/Src/usart.c ****   /* USER CODE END USART1_MspInit 0 */
  70:Core/Src/usart.c ****     /* USART1 clock enable */
  71:Core/Src/usart.c ****     __HAL_RCC_USART1_CLK_ENABLE();
  72:Core/Src/usart.c **** 
  73:Core/Src/usart.c ****     __HAL_RCC_GPIOA_CLK_ENABLE();
  74:Core/Src/usart.c ****     /**USART1 GPIO Configuration
  75:Core/Src/usart.c ****     PA2     ------> USART1_TX
  76:Core/Src/usart.c ****     PA3     ------> USART1_RX
  77:Core/Src/usart.c ****     */
  78:Core/Src/usart.c ****     GPIO_InitStruct.Pin = GPIO_PIN_2|GPIO_PIN_3;
  79:Core/Src/usart.c ****     GPIO_InitStruct.Mode = GPIO_MODE_AF_PP;
  80:Core/Src/usart.c ****     GPIO_InitStruct.Pull = GPIO_NOPULL;
  81:Core/Src/usart.c ****     GPIO_InitStruct.Speed = GPIO_SPEED_FREQ_HIGH;
  82:Core/Src/usart.c ****     GPIO_InitStruct.Alternate = GPIO_AF1_USART1;
  83:Core/Src/usart.c ****     HAL_GPIO_Init(GPIOA, &GPIO_InitStruct);
  84:Core/Src/usart.c **** 
  85:Core/Src/usart.c ****   /* USER CODE BEGIN USART1_MspInit 1 */
  86:Core/Src/usart.c **** 
  87:Core/Src/usart.c ****   /* USER CODE END USART1_MspInit 1 */
  88:Core/Src/usart.c ****   }
  89:Core/Src/usart.c **** }
 139              		.loc 1 89 1 view .LVU35
 140 0018 08B0     		add	sp, sp, #32
 141              		@ sp needed
ARM GAS  /tmp/ccXv4BH6.s 			page 5


 142              	.LVL5:
 143              		.loc 1 89 1 view .LVU36
 144 001a 10BD     		pop	{r4, pc}
 145              	.LVL6:
 146              	.L8:
  71:Core/Src/usart.c **** 
 147              		.loc 1 71 5 is_stmt 1 view .LVU37
 148              	.LBB2:
  71:Core/Src/usart.c **** 
 149              		.loc 1 71 5 view .LVU38
  71:Core/Src/usart.c **** 
 150              		.loc 1 71 5 view .LVU39
 151 001c 124B     		ldr	r3, .L9+4
 152 001e 9969     		ldr	r1, [r3, #24]
 153 0020 8020     		movs	r0, #128
 154 0022 C001     		lsls	r0, r0, #7
 155 0024 0143     		orrs	r1, r0
 156 0026 9961     		str	r1, [r3, #24]
  71:Core/Src/usart.c **** 
 157              		.loc 1 71 5 view .LVU40
 158 0028 9A69     		ldr	r2, [r3, #24]
 159 002a 0240     		ands	r2, r0
 160 002c 0192     		str	r2, [sp, #4]
  71:Core/Src/usart.c **** 
 161              		.loc 1 71 5 view .LVU41
 162 002e 019A     		ldr	r2, [sp, #4]
 163              	.LBE2:
  71:Core/Src/usart.c **** 
 164              		.loc 1 71 5 view .LVU42
  73:Core/Src/usart.c ****     /**USART1 GPIO Configuration
 165              		.loc 1 73 5 view .LVU43
 166              	.LBB3:
  73:Core/Src/usart.c ****     /**USART1 GPIO Configuration
 167              		.loc 1 73 5 view .LVU44
  73:Core/Src/usart.c ****     /**USART1 GPIO Configuration
 168              		.loc 1 73 5 view .LVU45
 169 0030 5A69     		ldr	r2, [r3, #20]
 170 0032 8021     		movs	r1, #128
 171 0034 8902     		lsls	r1, r1, #10
 172 0036 0A43     		orrs	r2, r1
 173 0038 5A61     		str	r2, [r3, #20]
  73:Core/Src/usart.c ****     /**USART1 GPIO Configuration
 174              		.loc 1 73 5 view .LVU46
 175 003a 5B69     		ldr	r3, [r3, #20]
 176 003c 0B40     		ands	r3, r1
 177 003e 0293     		str	r3, [sp, #8]
  73:Core/Src/usart.c ****     /**USART1 GPIO Configuration
 178              		.loc 1 73 5 view .LVU47
 179 0040 029B     		ldr	r3, [sp, #8]
 180              	.LBE3:
  73:Core/Src/usart.c ****     /**USART1 GPIO Configuration
 181              		.loc 1 73 5 view .LVU48
  78:Core/Src/usart.c ****     GPIO_InitStruct.Mode = GPIO_MODE_AF_PP;
 182              		.loc 1 78 5 view .LVU49
  78:Core/Src/usart.c ****     GPIO_InitStruct.Mode = GPIO_MODE_AF_PP;
 183              		.loc 1 78 25 is_stmt 0 view .LVU50
 184 0042 0C23     		movs	r3, #12
ARM GAS  /tmp/ccXv4BH6.s 			page 6


 185 0044 0393     		str	r3, [sp, #12]
  79:Core/Src/usart.c ****     GPIO_InitStruct.Pull = GPIO_NOPULL;
 186              		.loc 1 79 5 is_stmt 1 view .LVU51
  79:Core/Src/usart.c ****     GPIO_InitStruct.Pull = GPIO_NOPULL;
 187              		.loc 1 79 26 is_stmt 0 view .LVU52
 188 0046 0A3B     		subs	r3, r3, #10
 189 0048 0493     		str	r3, [sp, #16]
  80:Core/Src/usart.c ****     GPIO_InitStruct.Speed = GPIO_SPEED_FREQ_HIGH;
 190              		.loc 1 80 5 is_stmt 1 view .LVU53
  80:Core/Src/usart.c ****     GPIO_InitStruct.Speed = GPIO_SPEED_FREQ_HIGH;
 191              		.loc 1 80 26 is_stmt 0 view .LVU54
 192 004a 0023     		movs	r3, #0
 193 004c 0593     		str	r3, [sp, #20]
  81:Core/Src/usart.c ****     GPIO_InitStruct.Alternate = GPIO_AF1_USART1;
 194              		.loc 1 81 5 is_stmt 1 view .LVU55
  81:Core/Src/usart.c ****     GPIO_InitStruct.Alternate = GPIO_AF1_USART1;
 195              		.loc 1 81 27 is_stmt 0 view .LVU56
 196 004e 0333     		adds	r3, r3, #3
 197 0050 0693     		str	r3, [sp, #24]
  82:Core/Src/usart.c ****     HAL_GPIO_Init(GPIOA, &GPIO_InitStruct);
 198              		.loc 1 82 5 is_stmt 1 view .LVU57
  82:Core/Src/usart.c ****     HAL_GPIO_Init(GPIOA, &GPIO_InitStruct);
 199              		.loc 1 82 31 is_stmt 0 view .LVU58
 200 0052 023B     		subs	r3, r3, #2
 201 0054 0793     		str	r3, [sp, #28]
  83:Core/Src/usart.c **** 
 202              		.loc 1 83 5 is_stmt 1 view .LVU59
 203 0056 9020     		movs	r0, #144
 204 0058 03A9     		add	r1, sp, #12
 205 005a C005     		lsls	r0, r0, #23
 206 005c FFF7FEFF 		bl	HAL_GPIO_Init
 207              	.LVL7:
 208              		.loc 1 89 1 is_stmt 0 view .LVU60
 209 0060 DAE7     		b	.L6
 210              	.L10:
 211 0062 C046     		.align	2
 212              	.L9:
 213 0064 00380140 		.word	1073821696
 214 0068 00100240 		.word	1073876992
 215              		.cfi_endproc
 216              	.LFE41:
 218              		.section	.text.HAL_UART_MspDeInit,"ax",%progbits
 219              		.align	1
 220              		.global	HAL_UART_MspDeInit
 221              		.syntax unified
 222              		.code	16
 223              		.thumb_func
 224              		.fpu softvfp
 226              	HAL_UART_MspDeInit:
 227              	.LVL8:
 228              	.LFB42:
  90:Core/Src/usart.c **** 
  91:Core/Src/usart.c **** void HAL_UART_MspDeInit(UART_HandleTypeDef* uartHandle)
  92:Core/Src/usart.c **** {
 229              		.loc 1 92 1 is_stmt 1 view -0
 230              		.cfi_startproc
 231              		@ args = 0, pretend = 0, frame = 0
ARM GAS  /tmp/ccXv4BH6.s 			page 7


 232              		@ frame_needed = 0, uses_anonymous_args = 0
 233              		.loc 1 92 1 is_stmt 0 view .LVU62
 234 0000 10B5     		push	{r4, lr}
 235              	.LCFI3:
 236              		.cfi_def_cfa_offset 8
 237              		.cfi_offset 4, -8
 238              		.cfi_offset 14, -4
  93:Core/Src/usart.c **** 
  94:Core/Src/usart.c ****   if(uartHandle->Instance==USART1)
 239              		.loc 1 94 3 is_stmt 1 view .LVU63
 240              		.loc 1 94 16 is_stmt 0 view .LVU64
 241 0002 0268     		ldr	r2, [r0]
 242              		.loc 1 94 5 view .LVU65
 243 0004 074B     		ldr	r3, .L14
 244 0006 9A42     		cmp	r2, r3
 245 0008 00D0     		beq	.L13
 246              	.LVL9:
 247              	.L11:
  95:Core/Src/usart.c ****   {
  96:Core/Src/usart.c ****   /* USER CODE BEGIN USART1_MspDeInit 0 */
  97:Core/Src/usart.c **** 
  98:Core/Src/usart.c ****   /* USER CODE END USART1_MspDeInit 0 */
  99:Core/Src/usart.c ****     /* Peripheral clock disable */
 100:Core/Src/usart.c ****     __HAL_RCC_USART1_CLK_DISABLE();
 101:Core/Src/usart.c **** 
 102:Core/Src/usart.c ****     /**USART1 GPIO Configuration
 103:Core/Src/usart.c ****     PA2     ------> USART1_TX
 104:Core/Src/usart.c ****     PA3     ------> USART1_RX
 105:Core/Src/usart.c ****     */
 106:Core/Src/usart.c ****     HAL_GPIO_DeInit(GPIOA, GPIO_PIN_2|GPIO_PIN_3);
 107:Core/Src/usart.c **** 
 108:Core/Src/usart.c ****   /* USER CODE BEGIN USART1_MspDeInit 1 */
 109:Core/Src/usart.c **** 
 110:Core/Src/usart.c ****   /* USER CODE END USART1_MspDeInit 1 */
 111:Core/Src/usart.c ****   }
 112:Core/Src/usart.c **** }
 248              		.loc 1 112 1 view .LVU66
 249              		@ sp needed
 250 000a 10BD     		pop	{r4, pc}
 251              	.LVL10:
 252              	.L13:
 100:Core/Src/usart.c **** 
 253              		.loc 1 100 5 is_stmt 1 view .LVU67
 254 000c 064A     		ldr	r2, .L14+4
 255 000e 9369     		ldr	r3, [r2, #24]
 256 0010 0649     		ldr	r1, .L14+8
 257 0012 0B40     		ands	r3, r1
 258 0014 9361     		str	r3, [r2, #24]
 106:Core/Src/usart.c **** 
 259              		.loc 1 106 5 view .LVU68
 260 0016 9020     		movs	r0, #144
 261              	.LVL11:
 106:Core/Src/usart.c **** 
 262              		.loc 1 106 5 is_stmt 0 view .LVU69
 263 0018 0C21     		movs	r1, #12
 264 001a C005     		lsls	r0, r0, #23
 265 001c FFF7FEFF 		bl	HAL_GPIO_DeInit
ARM GAS  /tmp/ccXv4BH6.s 			page 8


 266              	.LVL12:
 267              		.loc 1 112 1 view .LVU70
 268 0020 F3E7     		b	.L11
 269              	.L15:
 270 0022 C046     		.align	2
 271              	.L14:
 272 0024 00380140 		.word	1073821696
 273 0028 00100240 		.word	1073876992
 274 002c FFBFFFFF 		.word	-16385
 275              		.cfi_endproc
 276              	.LFE42:
 278              		.comm	huart1,132,4
 279              		.text
 280              	.Letext0:
 281              		.file 2 "/usr/lib/gcc/arm-none-eabi/9.2.1/include/stdint.h"
 282              		.file 3 "Drivers/CMSIS/Device/ST/STM32F0xx/Include/system_stm32f0xx.h"
 283              		.file 4 "Drivers/CMSIS/Device/ST/STM32F0xx/Include/stm32f030x6.h"
 284              		.file 5 "Drivers/STM32F0xx_HAL_Driver/Inc/stm32f0xx_hal_def.h"
 285              		.file 6 "Drivers/STM32F0xx_HAL_Driver/Inc/stm32f0xx_hal_gpio.h"
 286              		.file 7 "Drivers/STM32F0xx_HAL_Driver/Inc/stm32f0xx_hal_dma.h"
 287              		.file 8 "Drivers/STM32F0xx_HAL_Driver/Inc/stm32f0xx_hal_uart.h"
 288              		.file 9 "Drivers/STM32F0xx_HAL_Driver/Inc/stm32f0xx_hal.h"
 289              		.file 10 "Core/Inc/usart.h"
 290              		.file 11 "Core/Inc/main.h"
 291              		.file 12 "<built-in>"
ARM GAS  /tmp/ccXv4BH6.s 			page 9


DEFINED SYMBOLS
                            *ABS*:0000000000000000 usart.c
     /tmp/ccXv4BH6.s:16     .text.MX_USART1_UART_Init:0000000000000000 $t
     /tmp/ccXv4BH6.s:24     .text.MX_USART1_UART_Init:0000000000000000 MX_USART1_UART_Init
     /tmp/ccXv4BH6.s:92     .text.MX_USART1_UART_Init:0000000000000034 $d
                            *COM*:0000000000000084 huart1
     /tmp/ccXv4BH6.s:98     .text.HAL_UART_MspInit:0000000000000000 $t
     /tmp/ccXv4BH6.s:105    .text.HAL_UART_MspInit:0000000000000000 HAL_UART_MspInit
     /tmp/ccXv4BH6.s:213    .text.HAL_UART_MspInit:0000000000000064 $d
     /tmp/ccXv4BH6.s:219    .text.HAL_UART_MspDeInit:0000000000000000 $t
     /tmp/ccXv4BH6.s:226    .text.HAL_UART_MspDeInit:0000000000000000 HAL_UART_MspDeInit
     /tmp/ccXv4BH6.s:272    .text.HAL_UART_MspDeInit:0000000000000024 $d

UNDEFINED SYMBOLS
HAL_UART_Init
Error_Handler
memset
HAL_GPIO_Init
HAL_GPIO_DeInit
